# JRE version: Java(TM) SE Runtime Environment (21.0.2+13) (build 21.0.2+13-LTS-58)
# Java VM: Java HotSpot(TM) 64-Bit Server VM (21.0.2+13-LTS-58, mixed mode, emulated-client, sharing, tiered, compressed oops, compressed class ptrs, g1 gc, windows-amd64)
GC Precious Log:
 CardTable entry size: 512
 Card Set container configuration: InlinePtr #cards 5 size 8 Array Of Cards #cards 12 size 40 Howl #buckets 4 coarsen threshold 1843 Howl Bitmap #cards 512 size 80 coarsen threshold 460 Card regions per heap region 1 cards per card region 2048
 CPUs: 8 total, 8 available
 Memory: 8029M
 Large Page Support: Disabled
 NUMA Support: Disabled
 Compressed Oops: Enabled (32-bit)
 Heap Region Size: 1M
 Heap Min Capacity: 8M
 Heap Initial Capacity: 126M
 Heap Max Capacity: 2008M
 Pre-touch: Disabled
 Parallel Workers: 8
 Concurrent Workers: 2
 Concurrent Refinement Workers: 8
 Periodic GC: Disabled
Heap:
 garbage-first heap   total 291840K, used 164652K [0x0000000082800000, 0x0000000100000000)
  region size 1024K, 12 young (12288K), 12 survivors (12288K)
 Metaspace       used 103612K, committed 104704K, reserved 1179648K
  class space    used 14504K, committed 14976K, reserved 1048576K
GC Heap History (20 events):
Event: 18.284 GC heap after
{Heap after GC invocations=23 (full 0):
 garbage-first heap   total 118784K, used 65188K [0x0000000082800000, 0x0000000100000000)
  region size 1024K, 7 young (7168K), 7 survivors (7168K)
 Metaspace       used 97159K, committed 98048K, reserved 1179648K
  class space    used 13535K, committed 13952K, reserved 1048576K
}
Event: 18.500 GC heap before
{Heap before GC invocations=23 (full 0):
 garbage-first heap   total 118784K, used 74404K [0x0000000082800000, 0x0000000100000000)
  region size 1024K, 17 young (17408K), 7 survivors (7168K)
 Metaspace       used 98316K, committed 99264K, reserved 1179648K
  class space    used 13675K, committed 14080K, reserved 1048576K
}
Event: 18.510 GC heap after
{Heap after GC invocations=24 (full 0):
 garbage-first heap   total 118784K, used 67124K [0x0000000082800000, 0x0000000100000000)
  region size 1024K, 2 young (2048K), 2 survivors (2048K)
 Metaspace       used 98316K, committed 99264K, reserved 1179648K
  class space    used 13675K, committed 14080K, reserved 1048576K
}
Event: 18.717 GC heap before
{Heap before GC invocations=25 (full 0):
 garbage-first heap   total 135168K, used 107060K [0x0000000082800000, 0x0000000100000000)
  region size 1024K, 41 young (41984K), 2 survivors (2048K)
 Metaspace       used 98338K, committed 99264K, reserved 1179648K
  class space    used 13677K, committed 14080K, reserved 1048576K
}
Event: 18.724 GC heap after
{Heap after GC invocations=26 (full 0):
 garbage-first heap   total 135168K, used 75199K [0x0000000082800000, 0x0000000100000000)
  region size 1024K, 6 young (6144K), 6 survivors (6144K)
 Metaspace       used 98338K, committed 99264K, reserved 1179648K
  class space    used 13677K, committed 14080K, reserved 1048576K
}
Event: 18.852 GC heap before
{Heap before GC invocations=26 (full 0):
 garbage-first heap   total 135168K, used 118207K [0x0000000082800000, 0x0000000100000000)
  region size 1024K, 48 young (49152K), 6 survivors (6144K)
 Metaspace       used 98340K, committed 99264K, reserved 1179648K
  class space    used 13679K, committed 14080K, reserved 1048576K
}
Event: 18.863 GC heap after
{Heap after GC invocations=27 (full 0):
 garbage-first heap   total 137216K, used 84136K [0x0000000082800000, 0x0000000100000000)
  region size 1024K, 6 young (6144K), 6 survivors (6144K)
 Metaspace       used 98340K, committed 99264K, reserved 1179648K
  class space    used 13679K, committed 14080K, reserved 1048576K
}
Event: 19.033 GC heap before
{Heap before GC invocations=27 (full 0):
 garbage-first heap   total 137216K, used 110760K [0x0000000082800000, 0x0000000100000000)
  region size 1024K, 33 young (33792K), 6 survivors (6144K)
 Metaspace       used 98386K, committed 99392K, reserved 1179648K
  class space    used 13691K, committed 14144K, reserved 1048576K
}
Event: 19.049 GC heap after
{Heap after GC invocations=28 (full 0):
 garbage-first heap   total 207872K, used 94212K [0x0000000082800000, 0x0000000100000000)
  region size 1024K, 6 young (6144K), 6 survivors (6144K)
 Metaspace       used 98386K, committed 99392K, reserved 1179648K
  class space    used 13691K, committed 14144K, reserved 1048576K
}
Event: 19.166 GC heap before
{Heap before GC invocations=28 (full 0):
 garbage-first heap   total 207872K, used 143364K [0x0000000082800000, 0x0000000100000000)
  region size 1024K, 55 young (56320K), 6 survivors (6144K)
 Metaspace       used 98386K, committed 99392K, reserved 1179648K
  class space    used 13691K, committed 14144K, reserved 1048576K
}
Event: 19.177 GC heap after
{Heap after GC invocations=29 (full 0):
 garbage-first heap   total 207872K, used 106284K [0x0000000082800000, 0x0000000100000000)
  region size 1024K, 9 young (9216K), 9 survivors (9216K)
 Metaspace       used 98386K, committed 99392K, reserved 1179648K
  class space    used 13691K, committed 14144K, reserved 1048576K
}
Event: 19.408 GC heap before
{Heap before GC invocations=30 (full 0):
 garbage-first heap   total 265216K, used 166700K [0x0000000082800000, 0x0000000100000000)
  region size 1024K, 67 young (68608K), 9 survivors (9216K)
 Metaspace       used 98406K, committed 99392K, reserved 1179648K
  class space    used 13696K, committed 14144K, reserved 1048576K
}
Event: 19.431 GC heap after
{Heap after GC invocations=31 (full 0):
 garbage-first heap   total 265216K, used 124716K [0x0000000082800000, 0x0000000100000000)
  region size 1024K, 9 young (9216K), 9 survivors (9216K)
 Metaspace       used 98406K, committed 99392K, reserved 1179648K
  class space    used 13696K, committed 14144K, reserved 1048576K
}
Event: 19.583 GC heap before
{Heap before GC invocations=31 (full 0):
 garbage-first heap   total 265216K, used 200492K [0x0000000082800000, 0x0000000100000000)
  region size 1024K, 83 young (84992K), 9 survivors (9216K)
 Metaspace       used 98409K, committed 99392K, reserved 1179648K
  class space    used 13697K, committed 14144K, reserved 1048576K
}
Event: 19.605 GC heap after
{Heap after GC invocations=32 (full 0):
 garbage-first heap   total 265216K, used 138028K [0x0000000082800000, 0x0000000100000000)
  region size 1024K, 11 young (11264K), 11 survivors (11264K)
 Metaspace       used 98409K, committed 99392K, reserved 1179648K
  class space    used 13697K, committed 14144K, reserved 1048576K
}
Event: 19.721 GC heap before
{Heap before GC invocations=32 (full 0):
 garbage-first heap   total 265216K, used 166700K [0x0000000082800000, 0x0000000100000000)
  region size 1024K, 41 young (41984K), 11 survivors (11264K)
 Metaspace       used 98409K, committed 99392K, reserved 1179648K
  class space    used 13697K, committed 14144K, reserved 1048576K
}
Event: 19.734 GC heap after
{Heap after GC invocations=33 (full 0):
 garbage-first heap   total 265216K, used 150316K [0x0000000082800000, 0x0000000100000000)
  region size 1024K, 11 young (11264K), 11 survivors (11264K)
 Metaspace       used 98409K, committed 99392K, reserved 1179648K
  class space    used 13697K, committed 14144K, reserved 1048576K
}
Event: 19.935 GC heap before
{Heap before GC invocations=34 (full 0):
 garbage-first heap   total 291840K, used 202540K [0x0000000082800000, 0x0000000100000000)
  region size 1024K, 76 young (77824K), 11 survivors (11264K)
 Metaspace       used 98410K, committed 99392K, reserved 1179648K
  class space    used 13697K, committed 14144K, reserved 1048576K
}
Event: 19.949 GC heap after
{Heap after GC invocations=35 (full 0):
 garbage-first heap   total 291840K, used 150828K [0x0000000082800000, 0x0000000100000000)
  region size 1024K, 10 young (10240K), 10 survivors (10240K)
 Metaspace       used 98410K, committed 99392K, reserved 1179648K
  class space    used 13697K, committed 14144K, reserved 1048576K
}
Event: 22.004 GC heap before
{Heap before GC invocations=35 (full 0):
 garbage-first heap   total 291840K, used 233772K [0x0000000082800000, 0x0000000100000000)
  region size 1024K, 92 young (94208K), 10 survivors (10240K)
 Metaspace       used 103612K, committed 104704K, reserved 1179648K
  class space    used 14504K, committed 14976K, reserved 1048576K
}

